2020-11-02 15:25:49,144 WARN  [SoapUI] Missing folder [C:\Users\Ahmed Usman\eclipse-workspace\SoupUI_Auto_Suite\ext] for external libraries
2020-11-02 15:25:49,246 INFO  [DefaultSoapUICore] initialized soapui-settings from [C:\Users\Ahmed Usman\soapui-settings.xml]
2020-11-02 15:25:49,755 INFO  [Reflections] Reflections took 57 ms to scan 2 urls, producing 75 keys and 160 values 
2020-11-02 15:25:49,785 INFO  [Reflections] Reflections took 17 ms to scan 1 urls, producing 46 keys and 344 values 
2020-11-02 15:25:49,796 INFO  [Reflections] Reflections took 7 ms to scan 1 urls, producing 11 keys and 17 values 
2020-11-02 15:25:49,806 INFO  [Reflections] Reflections took 5 ms to scan 1 urls, producing 13 keys and 21 values 
2020-11-02 15:25:49,964 INFO  [Reflections] Reflections took 121 ms to scan 13 urls, producing 341 keys and 1458 values 
2020-11-02 15:25:49,971 INFO  [PluginManager] Adding plugin from [C:\Users\Ahmed Usman\.soapuios\plugins\ready-mqtt-plugin-dist.jar]
2020-11-02 15:25:49,971 INFO  [PluginManager] Adding plugin from [C:\Users\Ahmed Usman\.soapuios\plugins\soapui-swagger-plugin-2.2-dist.jar]
2020-11-02 15:25:50,000 INFO  [Reflections] Reflections took 19 ms to scan 2 urls, producing 75 keys and 160 values 
2020-11-02 15:25:50,133 INFO  [Reflections] Reflections took 124 ms to scan 13 urls, producing 341 keys and 1458 values 
2020-11-02 15:25:50,424 INFO  [Reflections] Reflections took 420 ms to scan 1 urls, producing 1492 keys and 5707 values 
2020-11-02 15:25:50,444 INFO  [PluginManager] Adding plugin from [C:\Users\Ahmed Usman\.soapuios\plugins\ready-uxm-plugin-os-1.0.3.jar]
2020-11-02 15:25:50,458 INFO  [Reflections] Reflections took 11 ms to scan 1 urls, producing 46 keys and 344 values 
2020-11-02 15:25:50,552 INFO  [Reflections] Reflections took 411 ms to scan 1 urls, producing 1492 keys and 5707 values 
2020-11-02 15:25:50,564 INFO  [PluginManager] Adding plugin from [C:\Users\Ahmed Usman\.soapuios\plugins\readyapi-postman-1.0.1.jar]
2020-11-02 15:25:50,569 INFO  [Reflections] Reflections took 3 ms to scan 1 urls, producing 11 keys and 17 values 
2020-11-02 15:25:50,797 INFO  [Reflections] Reflections took 336 ms to scan 1 urls, producing 1492 keys and 5707 values 
2020-11-02 15:25:50,801 INFO  [PluginManager] Adding plugin from [C:\Users\Ahmed Usman\.soapuios\plugins\readyapi-swaggerhub-plugin-1.0.jar]
2020-11-02 15:25:50,806 INFO  [Reflections] Reflections took 2 ms to scan 1 urls, producing 13 keys and 21 values 
2020-11-02 15:25:50,904 INFO  [Reflections] Reflections took 332 ms to scan 1 urls, producing 1492 keys and 5707 values 
2020-11-02 15:25:51,125 INFO  [Reflections] Reflections took 316 ms to scan 1 urls, producing 1492 keys and 5707 values 
2020-11-02 15:25:51,130 INFO  [PluginManager] 5 plugins loaded in 1158 ms
2020-11-02 15:25:51,131 INFO  [DefaultSoapUICore] All plugins loaded
2020-11-02 15:25:51,680 INFO  [WsdlProject] Loaded project from [file:/C:/01_AhmedWork/01_Study/01_API_Testing/01_API_Study/Projects_Rahul/Employee.xml]
2020-11-02 15:25:52,983 INFO  [log] ahmed
